2024-11-25 08:07:01 INFO  MentorList:23 - Started mentorlist navigation
2024-11-25 08:07:03 INFO  MentorList:36 - clicked on mentor in the sidebar
2024-11-25 08:07:03 INFO  MentorList:42 - Started the testing of mentor list table headers
2024-11-25 08:07:03 INFO  MentorList:52 - All mentor list headers are available
2024-11-25 08:07:03 INFO  MentorList:57 - Start testing add mentor visibility
2024-11-25 08:07:03 INFO  MentorList:63 - Add mentor button is visible
2024-11-25 08:07:03 INFO  MentorList:68 - Start testing necssary fields are available in the add mentor dialog box
2024-11-25 08:07:09 INFO  MentorList:80 - All fields are available in the add mentor dialog box
2024-11-25 08:07:09 INFO  MentorList:85 - started testing the added project available in the topic dropdown in add mentordialog box
2024-11-25 08:07:23 INFO  MentorList:137 - Started mentor adding with invalid data
2024-11-25 08:07:34 INFO  MentorList:137 - Started mentor adding with invalid data
2024-11-25 08:07:40 INFO  MentorList:137 - Started mentor adding with invalid data
2024-11-25 08:07:46 INFO  MentorList:137 - Started mentor adding with invalid data
2024-11-25 08:07:51 INFO  MentorList:137 - Started mentor adding with invalid data
2024-11-25 08:07:57 INFO  MentorList:137 - Started mentor adding with invalid data
2024-11-25 08:08:03 INFO  MentorList:137 - Started mentor adding with invalid data
2024-11-25 08:08:10 INFO  MentorList:137 - Started mentor adding with invalid data
2024-11-25 08:08:17 INFO  MentorList:112 - Started mentor adding with valid data
2024-11-25 08:12:47 INFO  MentorList:23 - Started mentorlist navigation
2024-11-25 08:12:50 INFO  MentorList:36 - clicked on mentor in the sidebar
2024-11-25 08:12:50 INFO  MentorList:42 - Started the testing of mentor list table headers
2024-11-25 08:12:50 INFO  MentorList:52 - All mentor list headers are available
2024-11-25 08:12:50 INFO  MentorList:57 - Start testing add mentor visibility
2024-11-25 08:12:50 INFO  MentorList:63 - Add mentor button is visible
2024-11-25 08:12:50 INFO  MentorList:68 - Start testing necssary fields are available in the add mentor dialog box
2024-11-25 08:12:56 INFO  MentorList:80 - All fields are available in the add mentor dialog box
2024-11-25 08:12:56 INFO  MentorList:85 - started testing the added project available in the topic dropdown in add mentordialog box
2024-11-25 08:13:10 INFO  MentorList:137 - Started mentor adding with invalid data
2024-11-25 08:13:20 INFO  MentorList:137 - Started mentor adding with invalid data
2024-11-25 08:13:27 INFO  MentorList:137 - Started mentor adding with invalid data
2024-11-25 08:13:32 INFO  MentorList:137 - Started mentor adding with invalid data
2024-11-25 08:13:37 INFO  MentorList:137 - Started mentor adding with invalid data
2024-11-25 08:13:42 INFO  MentorList:137 - Started mentor adding with invalid data
2024-11-25 08:13:47 INFO  MentorList:137 - Started mentor adding with invalid data
2024-11-25 08:13:52 INFO  MentorList:137 - Started mentor adding with invalid data
2024-11-25 08:13:58 INFO  MentorList:112 - Started mentor adding with valid data
2024-11-25 08:19:37 INFO  MentorList:23 - Started mentorlist navigation
2024-11-25 08:19:43 INFO  MentorList:36 - clicked on mentor in the sidebar
2024-11-25 08:19:43 INFO  MentorList:42 - Started the testing of mentor list table headers
2024-11-25 08:19:43 INFO  MentorList:52 - All mentor list headers are available
2024-11-25 08:19:43 INFO  MentorList:57 - Start testing add mentor visibility
2024-11-25 08:19:43 INFO  MentorList:63 - Add mentor button is visible
2024-11-25 08:19:43 INFO  MentorList:68 - Start testing necssary fields are available in the add mentor dialog box
2024-11-25 08:19:49 INFO  MentorList:80 - All fields are available in the add mentor dialog box
2024-11-25 08:19:49 INFO  MentorList:85 - started testing the added project available in the topic dropdown in add mentordialog box
2024-11-25 08:20:07 INFO  MentorList:101 - Added project is available in the topic down in the add mentor dialog box
2024-11-25 08:20:09 INFO  MentorList:137 - Started mentor adding with invalid data
2024-11-25 08:20:15 INFO  MentorList:151 - Click on the add button
2024-11-25 08:20:15 INFO  MentorList:137 - Started mentor adding with invalid data
2024-11-25 08:20:23 INFO  MentorList:151 - Click on the add button
2024-11-25 08:20:23 INFO  MentorList:137 - Started mentor adding with invalid data
2024-11-25 08:20:31 INFO  MentorList:151 - Click on the add button
2024-11-25 08:20:31 INFO  MentorList:137 - Started mentor adding with invalid data
2024-11-25 08:20:39 INFO  MentorList:151 - Click on the add button
2024-11-25 08:20:39 INFO  MentorList:137 - Started mentor adding with invalid data
2024-11-25 08:20:47 INFO  MentorList:151 - Click on the add button
2024-11-25 08:20:47 INFO  MentorList:137 - Started mentor adding with invalid data
2024-11-25 08:20:55 INFO  MentorList:151 - Click on the add button
2024-11-25 08:20:55 INFO  MentorList:137 - Started mentor adding with invalid data
