2024-11-22 12:40:32 INFO  MentorList:102 - Added project is available in the topic down in the add mentor dialog box
2024-11-22 12:40:35 INFO  MentorList:138 - Started mentor adding with invalid data
2024-11-22 12:40:41 INFO  MentorList:152 - Click on the add button
2024-11-22 12:40:41 INFO  MentorList:138 - Started mentor adding with invalid data
2024-11-22 12:40:49 INFO  MentorList:152 - Click on the add button
2024-11-22 12:40:49 INFO  MentorList:138 - Started mentor adding with invalid data
2024-11-22 12:40:58 INFO  MentorList:152 - Click on the add button
2024-11-22 12:40:58 INFO  MentorList:138 - Started mentor adding with invalid data
2024-11-22 12:41:06 INFO  MentorList:152 - Click on the add button
2024-11-22 12:41:06 INFO  MentorList:138 - Started mentor adding with invalid data
2024-11-22 12:41:14 INFO  MentorList:152 - Click on the add button
2024-11-22 12:41:14 INFO  MentorList:138 - Started mentor adding with invalid data
2024-11-22 12:41:21 INFO  MentorList:152 - Click on the add button
2024-11-22 12:41:21 INFO  MentorList:138 - Started mentor adding with invalid data
2024-11-22 12:41:31 INFO  MentorList:152 - Click on the add button
2024-11-22 12:41:31 INFO  MentorList:138 - Started mentor adding with invalid data
2024-11-22 12:41:39 INFO  MentorList:152 - Click on the add button
2024-11-22 12:41:40 INFO  MentorList:113 - Started mentor adding with valid data
2024-11-22 12:41:48 INFO  MentorList:125 - clicked on the add button in the add mentor dialog box
2024-11-22 12:57:42 INFO  MentorList:23 - Started mentorlist navigation
2024-11-22 12:57:47 INFO  MentorList:36 - clicked on mentor in the sidebar
2024-11-22 12:57:47 INFO  MentorList:42 - Started the testing of mentor list table headers
2024-11-22 12:57:47 INFO  MentorList:52 - All mentor list headers are available
2024-11-22 12:57:47 INFO  MentorList:57 - Start testing add mentor visibility
2024-11-22 12:57:47 INFO  MentorList:63 - Add mentor button is visible
2024-11-22 12:57:47 INFO  MentorList:68 - Start testing necssary fields are available in the add mentor dialog box
2024-11-22 12:57:54 INFO  MentorList:80 - All fields are available in the add mentor dialog box
2024-11-22 12:57:54 INFO  MentorList:85 - started testing the added project available in the topic dropdown in add mentordialog box
2024-11-22 12:58:01 INFO  MentorList:137 - Started mentor adding with invalid data
2024-11-22 12:58:06 INFO  MentorList:137 - Started mentor adding with invalid data
2024-11-22 12:58:11 INFO  MentorList:137 - Started mentor adding with invalid data
2024-11-22 12:58:17 INFO  MentorList:137 - Started mentor adding with invalid data
2024-11-22 12:58:22 INFO  MentorList:137 - Started mentor adding with invalid data
2024-11-22 12:58:27 INFO  MentorList:137 - Started mentor adding with invalid data
2024-11-22 12:58:32 INFO  MentorList:137 - Started mentor adding with invalid data
2024-11-22 12:58:37 INFO  MentorList:137 - Started mentor adding with invalid data
2024-11-22 12:58:43 INFO  MentorList:112 - Started mentor adding with valid data
