2024-11-23 19:42:38 INFO  MentorList:23 - Started mentorlist navigation
2024-11-23 19:42:43 INFO  MentorList:36 - clicked on mentor in the sidebar
2024-11-23 19:42:43 INFO  MentorList:42 - Started the testing of mentor list table headers
2024-11-23 19:42:44 INFO  MentorList:52 - All mentor list headers are available
2024-11-23 19:42:44 INFO  MentorList:57 - Start testing add mentor visibility
2024-11-23 19:42:44 INFO  MentorList:63 - Add mentor button is visible
2024-11-23 19:42:44 INFO  MentorList:68 - Start testing necssary fields are available in the add mentor dialog box
2024-11-23 19:42:57 INFO  MentorList:80 - All fields are available in the add mentor dialog box
2024-11-23 19:42:57 INFO  MentorList:85 - started testing the added project available in the topic dropdown in add mentordialog box
2024-11-23 19:43:08 INFO  MentorList:137 - Started mentor adding with invalid data
2024-11-23 19:43:18 INFO  MentorList:137 - Started mentor adding with invalid data
2024-11-23 19:43:24 INFO  MentorList:137 - Started mentor adding with invalid data
2024-11-23 19:43:32 INFO  MentorList:137 - Started mentor adding with invalid data
2024-11-23 19:43:38 INFO  MentorList:137 - Started mentor adding with invalid data
2024-11-23 19:43:43 INFO  MentorList:137 - Started mentor adding with invalid data
2024-11-23 19:43:48 INFO  MentorList:137 - Started mentor adding with invalid data
2024-11-23 19:43:53 INFO  MentorList:137 - Started mentor adding with invalid data
2024-11-23 19:43:59 INFO  MentorList:112 - Started mentor adding with valid data
2024-11-23 19:47:16 INFO  MentorList:23 - Started mentorlist navigation
2024-11-23 19:47:19 INFO  MentorList:36 - clicked on mentor in the sidebar
2024-11-23 19:47:19 INFO  MentorList:42 - Started the testing of mentor list table headers
2024-11-23 19:47:19 INFO  MentorList:52 - All mentor list headers are available
2024-11-23 19:47:19 INFO  MentorList:57 - Start testing add mentor visibility
2024-11-23 19:47:19 INFO  MentorList:63 - Add mentor button is visible
2024-11-23 19:47:19 INFO  MentorList:68 - Start testing necssary fields are available in the add mentor dialog box
2024-11-23 19:47:25 INFO  MentorList:80 - All fields are available in the add mentor dialog box
2024-11-23 19:47:25 INFO  MentorList:85 - started testing the added project available in the topic dropdown in add mentordialog box
2024-11-23 19:47:37 INFO  MentorList:101 - Added project is available in the topic down in the add mentor dialog box
2024-11-23 19:47:40 INFO  MentorList:137 - Started mentor adding with invalid data
2024-11-23 19:47:47 INFO  MentorList:151 - Click on the add button
2024-11-23 19:47:47 INFO  MentorList:137 - Started mentor adding with invalid data
2024-11-23 19:47:55 INFO  MentorList:151 - Click on the add button
2024-11-23 19:47:55 INFO  MentorList:137 - Started mentor adding with invalid data
2024-11-23 19:48:04 INFO  MentorList:151 - Click on the add button
2024-11-23 19:48:04 INFO  MentorList:137 - Started mentor adding with invalid data
2024-11-23 19:48:12 INFO  MentorList:151 - Click on the add button
2024-11-23 19:48:12 INFO  MentorList:137 - Started mentor adding with invalid data
2024-11-23 19:48:21 INFO  MentorList:151 - Click on the add button
2024-11-23 19:48:21 INFO  MentorList:137 - Started mentor adding with invalid data
2024-11-23 19:48:29 INFO  MentorList:151 - Click on the add button
2024-11-23 19:48:29 INFO  MentorList:137 - Started mentor adding with invalid data
2024-11-23 19:48:38 INFO  MentorList:151 - Click on the add button
2024-11-23 19:48:38 INFO  MentorList:137 - Started mentor adding with invalid data
2024-11-23 19:48:47 INFO  MentorList:151 - Click on the add button
2024-11-23 19:48:48 INFO  MentorList:112 - Started mentor adding with valid data
2024-11-23 19:48:56 INFO  MentorList:124 - clicked on the add button in the add mentor dialog box
